// 重构日志: d7ab6ad4
// 重构日志: 1193bd05
// 重构日志: 63129b1e
// 重构日志: 3c71f686
// 重构日志: f0b22a7a
// 同步 ID: b6ca2d91 @ Wed Jul 15 09:57:25 UTC 2026
// 同步 ID: 8ca085be @ Wed Jul 15 11:46:40 UTC 2026
// 重构日志: 2db43252
// 重构日志: b3a2e8b0
// 重构日志: e31ed20b
// 重构日志: 26c68a2e
// 同步 ID: 5ef8a607 @ Fri Jul 17 07:51:56 UTC 2026
// 同步 ID: f450d66a @ Sat Jul 18 01:46:36 UTC 2026
// 重构日志: e32b02a4
// 同步 ID: d58e35b6 @ Sat Jul 18 16:59:27 UTC 2026
// 同步 ID: d287ab76 @ Sat Jul 18 23:15:54 UTC 2026
// 重构日志: eea7939f
// 重构日志: c03bcec1
// 同步 ID: 2696a83e @ Sun Jul 19 20:14:19 UTC 2026
// 重构日志: af128871
// 重构日志: d51871a3
// 重构日志: 03662f59
// 重构日志: d76b98b4
// 同步 ID: 07da2b47 @ Mon Jul 20 23:17:22 UTC 2026
// 重构日志: ee2e9445
// 同步 ID: 6bafa81e @ Tue Jul 21 15:11:18 UTC 2026
// 同步 ID: 92ccdf09 @ Wed Jul 22 12:27:36 UTC 2026
// 重构日志: 3529a604
// 重构日志: 1f4c0430
// 同步 ID: ba861d69 @ Thu Jul 23 11:16:52 UTC 2026
